<?xml version="1.0" encoding="UTF-8" ?>
<testsuite tests="2" failures="0" name="RunCuckestTest" time="3.069" errors="2" skipped="0">
  <properties>
[...]
</properties>
  <testcase classname="Test AUT login functionality" name="Check login behaviour with valid and invalid credentials" time="1.534">
    <error message="The driver executable does not exist: C:\Users\Snookala\Installables\chromedriver" type="java.lang.IllegalStateException">java.lang.IllegalStateException: The driver executable does not exist: C:\Users\Snookala\Installables\chromedriver
	at com.google.common.base.Preconditions.checkState(Preconditions.java:585)
	at org.openqa.selenium.remote.service.DriverService.checkExecutable(DriverService.java:146)
	at org.openqa.selenium.remote.service.DriverService.findExecutable(DriverService.java:141)
	at org.openqa.selenium.chrome.ChromeDriverService.access$000(ChromeDriverService.java:35)
	at org.openqa.selenium.chrome.ChromeDriverService$Builder.findDefaultExecutable(ChromeDriverService.java:159)
	at org.openqa.selenium.remote.service.DriverService$Builder.build(DriverService.java:355)
	at org.openqa.selenium.chrome.ChromeDriverService.createDefaultService(ChromeDriverService.java:94)
	at org.openqa.selenium.chrome.ChromeDriver.&lt;init&gt;(ChromeDriver.java:123)
	at config.BrowserConfig.initiateChromeBrowser(BrowserConfig.java:14)
	at Stepdefs.MyStepdefs.iAmOnAUTLoginPage(MyStepdefs.java:22)
	at ✽.I am on AUT login page(file:///C:/Automation/Workspace/TestProject/src/test/resources/feature1.feature:5)
</error>
    <system-out>
@smoke
Scenario Outline: Check login behaviour with valid and invalid credentials &amp;#27;[90m# src/test/resources/feature1.feature:11&amp;#27;[0m
  &amp;#27;[31mGiven &amp;#27;[0m&amp;#27;[31mI am on AUT login page&amp;#27;[0m                                             &amp;#27;[90m# Stepdefs.MyStepdefs.iAmOnAUTLoginPage()&amp;#27;[0m
      &amp;#27;[31mjava.lang.IllegalStateException: The driver executable does not exist: C:\Users\Snookala\Installables\chromedriver
	at com.google.common.base.Preconditions.checkState(Preconditions.java:585)
	at org.openqa.selenium.remote.service.DriverService.checkExecutable(DriverService.java:146)
	at org.openqa.selenium.remote.service.DriverService.findExecutable(DriverService.java:141)
	at org.openqa.selenium.chrome.ChromeDriverService.access$000(ChromeDriverService.java:35)
	at org.openqa.selenium.chrome.ChromeDriverService$Builder.findDefaultExecutable(ChromeDriverService.java:159)
	at org.openqa.selenium.remote.service.DriverService$Builder.build(DriverService.java:355)
	at org.openqa.selenium.chrome.ChromeDriverService.createDefaultService(ChromeDriverService.java:94)
	at org.openqa.selenium.chrome.ChromeDriver.&lt;init&gt;(ChromeDriver.java:123)
	at config.BrowserConfig.initiateChromeBrowser(BrowserConfig.java:14)
	at Stepdefs.MyStepdefs.iAmOnAUTLoginPage(MyStepdefs.java:22)
	at ?.I am on AUT login page(file:///C:/Automation/Workspace/TestProject/src/test/resources/feature1.feature:5)
&amp;#27;[0m
  &amp;#27;[36mWhen &amp;#27;[0m&amp;#27;[36mI enter &amp;#27;[0m&amp;#27;[36m&amp;#27;[1m&quot;test@qa-experience.com&quot;&amp;#27;[0m&amp;#27;[36m and &amp;#27;[0m&amp;#27;[36m&amp;#27;[1m&quot;Password1&quot;&amp;#27;[0m                    &amp;#27;[90m# Stepdefs.MyStepdefs.iEnterAnd(java.lang.String,java.lang.String)&amp;#27;[0m
  &amp;#27;[36mAnd &amp;#27;[0m&amp;#27;[36mI hit Login button&amp;#27;[0m                                                   &amp;#27;[90m# Stepdefs.MyStepdefs.iHitLoginButton()&amp;#27;[0m
  &amp;#27;[36mThen &amp;#27;[0m&amp;#27;[36mI see successfully login to the application&amp;#27;[0m                         &amp;#27;[90m# Stepdefs.MyStepdefs.iSeeSuccessfullyLoginToTheApplication()&amp;#27;[0m
      &amp;#27;[31mjava.lang.NullPointerException
	at config.BrowserConfig.closeDriver(BrowserConfig.java:22)
	at Stepdefs.MyStepdefs.safeCloseDriver(MyStepdefs.java:83)
&amp;#27;[0m
</system-out>
  </testcase>
  <testcase classname="Test AUT login functionality" name="Check login behaviour with valid and invalid credentials" time="1.535">
    <error type="java.lang.NullPointerException">java.lang.NullPointerException
	at config.BrowserConfig.closeDriver(BrowserConfig.java:22)
	at Stepdefs.MyStepdefs.safeCloseDriver(MyStepdefs.java:83)
</error>
  </testcase>
</testsuite>